[2025-03-15 04:16:42] Upload process started
[2025-03-15 04:16:42] File upload attempt: {"file":{"name":"Haseeb CV (2).pdf","full_path":"Haseeb CV (2).pdf","type":"application\/pdf","tmp_name":"C:\\xampp2\\tmp\\php2B48.tmp","error":0,"size":211158}}
[2025-03-15 04:16:42] File info: name=Haseeb CV (2).pdf, size=211158, type=application/pdf, ext=pdf
[2025-03-15 04:16:42] Allowed types: gif,pdf
[2025-03-15 04:16:42] Attempting to move file to: uploads/67d4f11aa1ff2.pdf
[2025-03-15 04:16:42] File moved successfully
[2025-03-15 04:16:42] Inserting file info into database: user_id=1, link=ZZisCoTbsvA7cG9
[2025-03-15 04:16:42] File uploaded successfully
[2025-03-15 04:18:45] Upload process started
[2025-03-15 04:18:45] File upload attempt: {"file":{"name":"Haseeb CV (2).pdf","full_path":"Haseeb CV (2).pdf","type":"application\/pdf","tmp_name":"C:\\xampp2\\tmp\\php9AE.tmp","error":0,"size":211158}}
[2025-03-15 04:18:45] File info: name=Haseeb CV (2).pdf, size=211158, type=application/pdf, ext=pdf
[2025-03-15 04:18:45] Allowed types: pdf
[2025-03-15 04:18:45] Attempting to move file to: uploads/67d4f1951f2ae.pdf
[2025-03-15 04:18:45] File moved successfully
[2025-03-15 04:18:45] Inserting file info into database: user_id=1, link=OHQWPjxsMSJdPVt
[2025-03-15 04:18:45] File uploaded successfully
[2025-03-15 04:23:41] Upload process started
[2025-03-15 04:23:41] File upload attempt: {"file":{"name":"Haseeb CV (2).pdf","full_path":"Haseeb CV (2).pdf","type":"application\/pdf","tmp_name":"C:\\xampp2\\tmp\\php910A.tmp","error":0,"size":211158}}
[2025-03-15 04:23:41] File info: name=Haseeb CV (2).pdf, size=211158, type=application/pdf, ext=pdf
[2025-03-15 04:23:41] Allowed types: pdf
[2025-03-15 04:23:41] Attempting to move file to: uploads/67d4f2bde2585.pdf
[2025-03-15 04:23:41] File moved successfully
[2025-03-15 04:23:41] Inserting file info into database: user_id=1, link=9nghOvFkFdEQxZO
[2025-03-15 04:23:41] File uploaded successfully
[2025-03-15 04:30:01] Upload process started
[2025-03-15 04:30:01] File upload attempt: {"file":{"name":"cv1.pdf","full_path":"cv1.pdf","type":"application\/pdf","tmp_name":"C:\\xampp2\\tmp\\php5A6D.tmp","error":0,"size":379104}}
[2025-03-15 04:30:01] File info: name=cv1.pdf, size=379104, type=application/pdf, ext=pdf
[2025-03-15 04:30:01] Allowed types: pdf
[2025-03-15 04:30:01] Attempting to move file to: uploads/67d4f4391ea81.pdf
[2025-03-15 04:30:01] File moved successfully
[2025-03-15 04:30:01] Inserting file info into database: user_id=1, link=SO9jo2ymXaY8rB5
[2025-03-15 04:30:01] File uploaded successfully
[2025-03-15 04:31:41] Upload process started
[2025-03-15 04:31:41] File upload attempt: {"file":{"name":"Haseeb CV (2).pdf","full_path":"Haseeb CV (2).pdf","type":"application\/pdf","tmp_name":"C:\\xampp2\\tmp\\phpE38D.tmp","error":0,"size":211158}}
[2025-03-15 04:31:41] File info: name=Haseeb CV (2).pdf, size=211158, type=application/pdf, ext=pdf
[2025-03-15 04:31:41] Allowed types: pdf
[2025-03-15 04:31:41] Attempting to move file to: uploads/67d4f49dc1ace.pdf
[2025-03-15 04:31:41] File moved successfully
[2025-03-15 04:31:41] Inserting file info into database: user_id=1, link=AphFSs8vt54Hndi
[2025-03-15 04:31:41] File uploaded successfully
[2025-03-15 04:38:01] Upload process started
[2025-03-15 04:38:01] File upload attempt: {"file":{"name":"Haseeb CV (2).pdf","full_path":"Haseeb CV (2).pdf","type":"application\/pdf","tmp_name":"C:\\xampp2\\tmp\\phpAFA0.tmp","error":0,"size":211158}}
[2025-03-15 04:38:01] File info: name=Haseeb CV (2).pdf, size=211158, type=application/pdf, ext=pdf
[2025-03-15 04:38:01] Allowed types: pdf
[2025-03-15 04:38:01] Attempting to move file to: uploads/67d4f619a56cf.pdf
[2025-03-15 04:38:01] File moved successfully
[2025-03-15 04:38:01] Inserting file info into database: user_id=1, link=ur6DWPrJNo7MbW8
[2025-03-15 04:38:01] File uploaded successfully
[2025-03-15 04:40:51] Upload process started
[2025-03-15 04:40:51] File upload attempt: {"file":{"name":"Haseeb CV (2).pdf","full_path":"Haseeb CV (2).pdf","type":"application\/pdf","tmp_name":"C:\\xampp2\\tmp\\php45F9.tmp","error":0,"size":211158}}
[2025-03-15 04:40:51] File info: name=Haseeb CV (2).pdf, size=211158, type=application/pdf, ext=pdf
[2025-03-15 04:40:51] Allowed types: pdf
[2025-03-15 04:40:51] Attempting to move file to: uploads/67d4f6c33cb6a.pdf
[2025-03-15 04:40:51] File moved successfully
[2025-03-15 04:40:51] Inserting file info into database: user_id=1, link=XONgEliOOqJcGNf
[2025-03-15 04:40:51] File uploaded successfully
[2025-03-15 04:44:09] Upload process started
[2025-03-15 04:44:09] File upload attempt: {"file":{"name":"Haseeb CV (2).pdf","full_path":"Haseeb CV (2).pdf","type":"application\/pdf","tmp_name":"C:\\xampp2\\tmp\\php4C64.tmp","error":0,"size":211158}}
[2025-03-15 04:44:09] File info: name=Haseeb CV (2).pdf, size=211158, type=application/pdf, ext=pdf
[2025-03-15 04:44:09] Allowed types: pdf
[2025-03-15 04:44:09] Attempting to move file to: uploads/67d4f78967842.pdf
[2025-03-15 04:44:09] File moved successfully
[2025-03-15 04:44:09] Inserting file info into database: user_id=1, link=qY17r2BqSW8FG2b
[2025-03-15 04:44:09] File uploaded successfully
[2025-03-15 04:45:09] Upload process started
[2025-03-15 04:45:09] File upload attempt: {"file":{"name":"Haseeb CV (2).pdf","full_path":"Haseeb CV (2).pdf","type":"application\/pdf","tmp_name":"C:\\xampp2\\tmp\\php383C.tmp","error":0,"size":211158}}
[2025-03-15 04:45:09] File info: name=Haseeb CV (2).pdf, size=211158, type=application/pdf, ext=pdf
[2025-03-15 04:45:09] Allowed types: pdf
[2025-03-15 04:45:09] Attempting to move file to: uploads/67d4f7c5be320.pdf
[2025-03-15 04:45:09] File moved successfully
[2025-03-15 04:45:09] Inserting file info into database: user_id=1, link=iBnj73FMELF5MUs
[2025-03-15 04:45:09] File uploaded successfully
